files copied!
/home/mjwever/.local/lib/python3.9/site-packages/torch/_tensor.py:1051: UserWarning: torch.solve is deprecated in favor of torch.linalg.solveand will be removed in a future PyTorch release.
torch.linalg.solve has its arguments reversed and does not return the LU factorization.
To get the LU factorization see torch.lu, which can be used with torch.lu_solve or torch.lu_unpack.
X = torch.solve(B, A).solution
should be replaced with
X = torch.linalg.solve(A, B) (Triggered internally at  ../aten/src/ATen/native/BatchLinearAlgebra.cpp:766.)
  ret = func(*args, **kwargs)
/scratch/set_binnen_buiten
['binnen', 'buiten']
epoch     train_loss  valid_loss  accuracy  error_rate  time    
0         0.455326    0.268997    0.896926  0.103074    00:53     
1         0.374122    0.281633    0.900542  0.099458    00:51     
2         0.334005    0.257318    0.902351  0.097649    00:52     
3         0.290382    0.255853    0.902954  0.097046    00:52     
4         0.243038    0.210210    0.913201  0.086799    00:51     
5         0.229564    0.179707    0.928270  0.071730    00:53     
6         0.203157    0.202937    0.922242  0.077758    00:52     
7         0.206193    0.191320    0.925859  0.074141    00:51     
8         0.210457    0.204418    0.916215  0.083785    00:51     
9         0.211091    0.208168    0.916817  0.083183    00:52     
10        0.216115    0.307108    0.878240  0.121760    00:52     
No improvement since epoch 5: early stopping
              precision    recall  f1-score   support

      binnen       0.81      0.96      0.88       759
      buiten       0.96      0.81      0.88       900

    accuracy                           0.88      1659
   macro avg       0.88      0.88      0.88      1659
weighted avg       0.89      0.88      0.88      1659

